Build started 11/5/2013 4:59:53 PM.
     1>Project "G:\Coding\School\Intro to C\Prj1_PPM_Card_Generator\branches\PPM_Card_Generator_Branch1\ppmlib\ppmlib.vcxproj" on node 2 (Build target(s)).
     1>ClCompile:
         D:\Programs\Visual Studios 2010\VC\bin\CL.exe /c /ZI /nologo /W3 /WX- /Od /Oy- /D WIN32 /D _DEBUG /D _CONSOLE /D _UNICODE /D UNICODE /Gm /EHsc /RTC1 /MDd /GS /fp:precise /Zc:wchar_t /Zc:forScope /Fo"Debug\\" /Fd"Debug\vc100.pdb" /Gd /TC /analyze- /errorReport:prompt cardmaker.c
         cardmaker.c
     1>g:\coding\school\intro to c\prj1_ppm_card_generator\branches\ppm_card_generator_branch1\ppmlib\cardmaker.c(26): warning C4996: 'scanf': This function or variable may be unsafe. Consider using scanf_s instead. To disable deprecation, use _CRT_SECURE_NO_WARNINGS. See online help for details.
                 d:\programs\visual studios 2010\vc\include\stdio.h(304) : see declaration of 'scanf'
     1>g:\coding\school\intro to c\prj1_ppm_card_generator\branches\ppm_card_generator_branch1\ppmlib\cardmaker.c(29): warning C4996: 'scanf': This function or variable may be unsafe. Consider using scanf_s instead. To disable deprecation, use _CRT_SECURE_NO_WARNINGS. See online help for details.
                 d:\programs\visual studios 2010\vc\include\stdio.h(304) : see declaration of 'scanf'
     1>g:\coding\school\intro to c\prj1_ppm_card_generator\branches\ppm_card_generator_branch1\ppmlib\cardmaker.c(31): warning C4996: 'strcpy': This function or variable may be unsafe. Consider using strcpy_s instead. To disable deprecation, use _CRT_SECURE_NO_WARNINGS. See online help for details.
                 d:\programs\visual studios 2010\vc\include\string.h(105) : see declaration of 'strcpy'
     1>g:\coding\school\intro to c\prj1_ppm_card_generator\branches\ppm_card_generator_branch1\ppmlib\cardmaker.c(32): warning C4996: 'strcat': This function or variable may be unsafe. Consider using strcat_s instead. To disable deprecation, use _CRT_SECURE_NO_WARNINGS. See online help for details.
                 d:\programs\visual studios 2010\vc\include\string.h(110) : see declaration of 'strcat'
     1>g:\coding\school\intro to c\prj1_ppm_card_generator\branches\ppm_card_generator_branch1\ppmlib\cardmaker.c(33): warning C4996: 'strcat': This function or variable may be unsafe. Consider using strcat_s instead. To disable deprecation, use _CRT_SECURE_NO_WARNINGS. See online help for details.
                 d:\programs\visual studios 2010\vc\include\string.h(110) : see declaration of 'strcat'
     1>g:\coding\school\intro to c\prj1_ppm_card_generator\branches\ppm_card_generator_branch1\ppmlib\cardmaker.c(35): warning C4996: 'strcpy': This function or variable may be unsafe. Consider using strcpy_s instead. To disable deprecation, use _CRT_SECURE_NO_WARNINGS. See online help for details.
                 d:\programs\visual studios 2010\vc\include\string.h(105) : see declaration of 'strcpy'
     1>g:\coding\school\intro to c\prj1_ppm_card_generator\branches\ppm_card_generator_branch1\ppmlib\cardmaker.c(36): warning C4996: 'strcat': This function or variable may be unsafe. Consider using strcat_s instead. To disable deprecation, use _CRT_SECURE_NO_WARNINGS. See online help for details.
                 d:\programs\visual studios 2010\vc\include\string.h(110) : see declaration of 'strcat'
     1>g:\coding\school\intro to c\prj1_ppm_card_generator\branches\ppm_card_generator_branch1\ppmlib\cardmaker.c(37): warning C4996: 'strcat': This function or variable may be unsafe. Consider using strcat_s instead. To disable deprecation, use _CRT_SECURE_NO_WARNINGS. See online help for details.
                 d:\programs\visual studios 2010\vc\include\string.h(110) : see declaration of 'strcat'
     1>g:\coding\school\intro to c\prj1_ppm_card_generator\branches\ppm_card_generator_branch1\ppmlib\cardmaker.c(39): warning C4996: 'strcpy': This function or variable may be unsafe. Consider using strcpy_s instead. To disable deprecation, use _CRT_SECURE_NO_WARNINGS. See online help for details.
                 d:\programs\visual studios 2010\vc\include\string.h(105) : see declaration of 'strcpy'
     1>g:\coding\school\intro to c\prj1_ppm_card_generator\branches\ppm_card_generator_branch1\ppmlib\cardmaker.c(42): warning C4996: 'strcat': This function or variable may be unsafe. Consider using strcat_s instead. To disable deprecation, use _CRT_SECURE_NO_WARNINGS. See online help for details.
                 d:\programs\visual studios 2010\vc\include\string.h(110) : see declaration of 'strcat'
     1>g:\coding\school\intro to c\prj1_ppm_card_generator\branches\ppm_card_generator_branch1\ppmlib\cardmaker.c(43): warning C4996: 'strcat': This function or variable may be unsafe. Consider using strcat_s instead. To disable deprecation, use _CRT_SECURE_NO_WARNINGS. See online help for details.
                 d:\programs\visual studios 2010\vc\include\string.h(110) : see declaration of 'strcat'
     1>g:\coding\school\intro to c\prj1_ppm_card_generator\branches\ppm_card_generator_branch1\ppmlib\cardmaker.c(44): warning C4996: 'strcat': This function or variable may be unsafe. Consider using strcat_s instead. To disable deprecation, use _CRT_SECURE_NO_WARNINGS. See online help for details.
                 d:\programs\visual studios 2010\vc\include\string.h(110) : see declaration of 'strcat'
     1>g:\coding\school\intro to c\prj1_ppm_card_generator\branches\ppm_card_generator_branch1\ppmlib\cardmaker.c(48): warning C4996: 'strcat': This function or variable may be unsafe. Consider using strcat_s instead. To disable deprecation, use _CRT_SECURE_NO_WARNINGS. See online help for details.
                 d:\programs\visual studios 2010\vc\include\string.h(110) : see declaration of 'strcat'
     1>g:\coding\school\intro to c\prj1_ppm_card_generator\branches\ppm_card_generator_branch1\ppmlib\cardmaker.c(49): warning C4996: 'strcat': This function or variable may be unsafe. Consider using strcat_s instead. To disable deprecation, use _CRT_SECURE_NO_WARNINGS. See online help for details.
                 d:\programs\visual studios 2010\vc\include\string.h(110) : see declaration of 'strcat'
     1>g:\coding\school\intro to c\prj1_ppm_card_generator\branches\ppm_card_generator_branch1\ppmlib\cardmaker.c(52): warning C4996: 'strcat': This function or variable may be unsafe. Consider using strcat_s instead. To disable deprecation, use _CRT_SECURE_NO_WARNINGS. See online help for details.
                 d:\programs\visual studios 2010\vc\include\string.h(110) : see declaration of 'strcat'
     1>g:\coding\school\intro to c\prj1_ppm_card_generator\branches\ppm_card_generator_branch1\ppmlib\cardmaker.c(53): warning C4996: 'strcat': This function or variable may be unsafe. Consider using strcat_s instead. To disable deprecation, use _CRT_SECURE_NO_WARNINGS. See online help for details.
                 d:\programs\visual studios 2010\vc\include\string.h(110) : see declaration of 'strcat'
     1>g:\coding\school\intro to c\prj1_ppm_card_generator\branches\ppm_card_generator_branch1\ppmlib\cardmaker.c(56): warning C4996: 'strcat': This function or variable may be unsafe. Consider using strcat_s instead. To disable deprecation, use _CRT_SECURE_NO_WARNINGS. See online help for details.
                 d:\programs\visual studios 2010\vc\include\string.h(110) : see declaration of 'strcat'
     1>g:\coding\school\intro to c\prj1_ppm_card_generator\branches\ppm_card_generator_branch1\ppmlib\cardmaker.c(73): warning C4013: 'system' undefined; assuming extern returning int
       Link:
         D:\Programs\Visual Studios 2010\VC\bin\link.exe /ERRORREPORT:PROMPT /OUT:"G:\Coding\School\Intro to C\Prj1_PPM_Card_Generator\branches\PPM_Card_Generator_Branch1\Debug\ppmlib.exe" /INCREMENTAL /NOLOGO kernel32.lib user32.lib gdi32.lib winspool.lib comdlg32.lib advapi32.lib shell32.lib ole32.lib oleaut32.lib uuid.lib odbc32.lib odbccp32.lib /MANIFEST /ManifestFile:"Debug\ppmlib.exe.intermediate.manifest" /MANIFESTUAC:"level='asInvoker' uiAccess='false'" /DEBUG /PDB:"G:\Coding\School\Intro to C\Prj1_PPM_Card_Generator\branches\PPM_Card_Generator_Branch1\Debug\ppmlib.pdb" /SUBSYSTEM:CONSOLE /TLBID:1 /DYNAMICBASE /NXCOMPAT /IMPLIB:"G:\Coding\School\Intro to C\Prj1_PPM_Card_Generator\branches\PPM_Card_Generator_Branch1\Debug\ppmlib.lib" /MACHINE:X86 Debug\ppmlib.exe.embed.manifest.res
         Debug\cardmaker.obj
         Debug\ppmlib.obj
       Manifest:
         C:\Program Files (x86)\Microsoft SDKs\Windows\v7.0A\bin\mt.exe /nologo /verbose /out:"Debug\ppmlib.exe.embed.manifest" /manifest Debug\ppmlib.exe.intermediate.manifest
       LinkEmbedManifest:
         ppmlib.vcxproj -> G:\Coding\School\Intro to C\Prj1_PPM_Card_Generator\branches\PPM_Card_Generator_Branch1\Debug\ppmlib.exe
     1>Done Building Project "G:\Coding\School\Intro to C\Prj1_PPM_Card_Generator\branches\PPM_Card_Generator_Branch1\ppmlib\ppmlib.vcxproj" (Build target(s)).

Build succeeded.

Time Elapsed 00:00:00.33
