i:\school\introduction to c\project 1\ppmlib\ppmlib\debug\ppmlib.obj
i:\school\introduction to c\project 1\ppmlib\ppmlib\debug\vc100.pdb
i:\school\introduction to c\project 1\ppmlib\ppmlib\debug\cardmaker.obj
i:\school\introduction to c\project 1\ppmlib\debug\ppmlib.exe
i:\school\introduction to c\project 1\ppmlib\ppmlib\debug\ppmlib.exe.intermediate.manifest
i:\school\introduction to c\project 1\ppmlib\debug\ppmlib.pdb
i:\school\introduction to c\project 1\ppmlib\ppmlib\debug\ppmlib.exe.embed.manifest
i:\school\introduction to c\project 1\ppmlib\ppmlib\debug\ppmlib.exe.embed.manifest.res
f:\find this\project 1\ppmlib\ppmlib\debug\vc120.pdb
f:\find this\project 1\ppmlib\ppmlib\debug\vc120.idb
f:\find this\project 1\ppmlib\ppmlib\debug\cardmaker.obj
f:\find this\project 1\ppmlib\ppmlib\debug\ppmlib.obj
c:\users\alex\documents\visual studio 2013\projects\project 1\ppmlib\ppmlib\debug\vc120.pdb
c:\users\alex\documents\visual studio 2013\projects\project 1\ppmlib\ppmlib\debug\vc120.idb
c:\users\alex\documents\visual studio 2013\projects\project 1\ppmlib\ppmlib\debug\cardmaker.obj
c:\users\alex\documents\visual studio 2013\projects\project 1\ppmlib\ppmlib\debug\ppmlib.obj
f:\find this\project 1\ppmlib\debug\ppmlib.ilk
f:\find this\project 1\ppmlib\debug\ppmlib.exe
f:\find this\project 1\ppmlib\debug\ppmlib.pdb
c:\users\alex\documents\visual studio 2013\projects\project 1\ppmlib\ppmlib\debug\cl.command.1.tlog
c:\users\alex\documents\visual studio 2013\projects\project 1\ppmlib\ppmlib\debug\cl.read.1.tlog
c:\users\alex\documents\visual studio 2013\projects\project 1\ppmlib\ppmlib\debug\cl.write.1.tlog
c:\users\alex\documents\visual studio 2013\projects\project 1\ppmlib\ppmlib\debug\link-cvtres.read.1.tlog
c:\users\alex\documents\visual studio 2013\projects\project 1\ppmlib\ppmlib\debug\link-cvtres.write.1.tlog
c:\users\alex\documents\visual studio 2013\projects\project 1\ppmlib\ppmlib\debug\link.command.1.tlog
c:\users\alex\documents\visual studio 2013\projects\project 1\ppmlib\ppmlib\debug\link.read.1.tlog
c:\users\alex\documents\visual studio 2013\projects\project 1\ppmlib\ppmlib\debug\link.write.1.tlog
c:\users\alex\documents\visual studio 2013\projects\project 1\ppmlib\ppmlib\debug\mt.command.1.tlog
c:\users\alex\documents\visual studio 2013\projects\project 1\ppmlib\ppmlib\debug\mt.read.1.tlog
c:\users\alex\documents\visual studio 2013\projects\project 1\ppmlib\ppmlib\debug\mt.write.1.tlog
c:\users\alex\documents\visual studio 2013\projects\project 1\ppmlib\ppmlib\debug\rc.command.1.tlog
c:\users\alex\documents\visual studio 2013\projects\project 1\ppmlib\ppmlib\debug\rc.read.1.tlog
c:\users\alex\documents\visual studio 2013\projects\project 1\ppmlib\ppmlib\debug\rc.write.1.tlog
c:\users\alex\documents\visual studio 2013\projects\project 1\ppmlib\ppmlib\debug\ppmlib.exe.embed.manifest
c:\users\alex\documents\visual studio 2013\projects\project 1\ppmlib\ppmlib\debug\ppmlib.exe.intermediate.manifest
c:\users\alex\documents\visual studio 2013\projects\project 1\ppmlib\ppmlib\debug\ppmlib.exe.embed.manifest.res
c:\users\alex\documents\visual studio 2013\projects\project 1\ppmlib\ppmlib\debug\vc100.idb
c:\users\alex\documents\visual studio 2013\projects\project 1\ppmlib\ppmlib\debug\vc100.pdb
c:\users\alex\documents\visual studio 2013\projects\project 1\ppmlib\ppmlib\debug\ppmlib_manifest.rc
c:\users\alex\documents\visual studio 2013\projects\project 1\ppmlib\debug\ppmlib.pdb
c:\users\alex\documents\visual studio 2013\projects\project 1\ppmlib\ppmlib\debug\ppmlib.tlog\cl.command.1.tlog
c:\users\alex\documents\visual studio 2013\projects\project 1\ppmlib\ppmlib\debug\ppmlib.tlog\cl.read.1.tlog
c:\users\alex\documents\visual studio 2013\projects\project 1\ppmlib\ppmlib\debug\ppmlib.tlog\cl.write.1.tlog
c:\users\alex\documents\visual studio 2013\projects\project 1\ppmlib\ppmlib\debug\ppmlib.tlog\link-cvtres.read.1.tlog
c:\users\alex\documents\visual studio 2013\projects\project 1\ppmlib\ppmlib\debug\ppmlib.tlog\link-cvtres.write.1.tlog
c:\users\alex\documents\visual studio 2013\projects\project 1\ppmlib\ppmlib\debug\ppmlib.tlog\link-rc.read.1.tlog
c:\users\alex\documents\visual studio 2013\projects\project 1\ppmlib\ppmlib\debug\ppmlib.tlog\link-rc.write.1.tlog
c:\users\alex\documents\visual studio 2013\projects\project 1\ppmlib\ppmlib\debug\ppmlib.tlog\link.command.1.tlog
c:\users\alex\documents\visual studio 2013\projects\project 1\ppmlib\ppmlib\debug\ppmlib.tlog\link.read.1.tlog
c:\users\alex\documents\visual studio 2013\projects\project 1\ppmlib\ppmlib\debug\ppmlib.tlog\link.write.1.tlog
