Build started 11/11/2013 5:12:34 PM.
     1>Project "I:\School\Introduction to C\Project 1\ppmlib\ppmlib\ppmlib.vcxproj" on node 2 (Build target(s)).
     1>ClCompile:
         D:\Programs\Visual Studios 2010\VC\bin\CL.exe /c /ZI /nologo /W3 /WX- /Od /Oy- /D WIN32 /D _DEBUG /D _CONSOLE /D _UNICODE /D UNICODE /Gm /EHsc /RTC1 /MDd /GS /fp:precise /Zc:wchar_t /Zc:forScope /Fo"Debug\\" /Fd"Debug\vc100.pdb" /Gd /TC /analyze- /errorReport:prompt cardmaker.c
         cardmaker.c
     1>i:\school\introduction to c\project 1\ppmlib\ppmlib\cardmaker.c(45): warning C4996: 'scanf': This function or variable may be unsafe. Consider using scanf_s instead. To disable deprecation, use _CRT_SECURE_NO_WARNINGS. See online help for details.
                 d:\programs\visual studios 2010\vc\include\stdio.h(304) : see declaration of 'scanf'
     1>i:\school\introduction to c\project 1\ppmlib\ppmlib\cardmaker.c(48): warning C4996: 'scanf': This function or variable may be unsafe. Consider using scanf_s instead. To disable deprecation, use _CRT_SECURE_NO_WARNINGS. See online help for details.
                 d:\programs\visual studios 2010\vc\include\stdio.h(304) : see declaration of 'scanf'
     1>i:\school\introduction to c\project 1\ppmlib\ppmlib\cardmaker.c(50): warning C4996: 'strcpy': This function or variable may be unsafe. Consider using strcpy_s instead. To disable deprecation, use _CRT_SECURE_NO_WARNINGS. See online help for details.
                 d:\programs\visual studios 2010\vc\include\string.h(105) : see declaration of 'strcpy'
     1>i:\school\introduction to c\project 1\ppmlib\ppmlib\cardmaker.c(51): warning C4996: 'strcpy': This function or variable may be unsafe. Consider using strcpy_s instead. To disable deprecation, use _CRT_SECURE_NO_WARNINGS. See online help for details.
                 d:\programs\visual studios 2010\vc\include\string.h(105) : see declaration of 'strcpy'
     1>i:\school\introduction to c\project 1\ppmlib\ppmlib\cardmaker.c(55): warning C4996: 'strcat': This function or variable may be unsafe. Consider using strcat_s instead. To disable deprecation, use _CRT_SECURE_NO_WARNINGS. See online help for details.
                 d:\programs\visual studios 2010\vc\include\string.h(110) : see declaration of 'strcat'
     1>i:\school\introduction to c\project 1\ppmlib\ppmlib\cardmaker.c(56): warning C4996: 'strcat': This function or variable may be unsafe. Consider using strcat_s instead. To disable deprecation, use _CRT_SECURE_NO_WARNINGS. See online help for details.
                 d:\programs\visual studios 2010\vc\include\string.h(110) : see declaration of 'strcat'
     1>i:\school\introduction to c\project 1\ppmlib\ppmlib\cardmaker.c(58): warning C4996: 'strcat': This function or variable may be unsafe. Consider using strcat_s instead. To disable deprecation, use _CRT_SECURE_NO_WARNINGS. See online help for details.
                 d:\programs\visual studios 2010\vc\include\string.h(110) : see declaration of 'strcat'
     1>i:\school\introduction to c\project 1\ppmlib\ppmlib\cardmaker.c(59): warning C4996: 'strcat': This function or variable may be unsafe. Consider using strcat_s instead. To disable deprecation, use _CRT_SECURE_NO_WARNINGS. See online help for details.
                 d:\programs\visual studios 2010\vc\include\string.h(110) : see declaration of 'strcat'
     1>i:\school\introduction to c\project 1\ppmlib\ppmlib\cardmaker.c(149): warning C4996: 'strcpy': This function or variable may be unsafe. Consider using strcpy_s instead. To disable deprecation, use _CRT_SECURE_NO_WARNINGS. See online help for details.
                 d:\programs\visual studios 2010\vc\include\string.h(105) : see declaration of 'strcpy'
     1>i:\school\introduction to c\project 1\ppmlib\ppmlib\cardmaker.c(152): warning C4996: 'strcat': This function or variable may be unsafe. Consider using strcat_s instead. To disable deprecation, use _CRT_SECURE_NO_WARNINGS. See online help for details.
                 d:\programs\visual studios 2010\vc\include\string.h(110) : see declaration of 'strcat'
     1>i:\school\introduction to c\project 1\ppmlib\ppmlib\cardmaker.c(155): warning C4996: 'strcat': This function or variable may be unsafe. Consider using strcat_s instead. To disable deprecation, use _CRT_SECURE_NO_WARNINGS. See online help for details.
                 d:\programs\visual studios 2010\vc\include\string.h(110) : see declaration of 'strcat'
     1>i:\school\introduction to c\project 1\ppmlib\ppmlib\cardmaker.c(158): warning C4996: 'strcat': This function or variable may be unsafe. Consider using strcat_s instead. To disable deprecation, use _CRT_SECURE_NO_WARNINGS. See online help for details.
                 d:\programs\visual studios 2010\vc\include\string.h(110) : see declaration of 'strcat'
     1>i:\school\introduction to c\project 1\ppmlib\ppmlib\cardmaker.c(159): warning C4996: 'strcat': This function or variable may be unsafe. Consider using strcat_s instead. To disable deprecation, use _CRT_SECURE_NO_WARNINGS. See online help for details.
                 d:\programs\visual studios 2010\vc\include\string.h(110) : see declaration of 'strcat'
       Link:
         D:\Programs\Visual Studios 2010\VC\bin\link.exe /ERRORREPORT:PROMPT /OUT:"I:\School\Introduction to C\Project 1\ppmlib\Debug\ppmlib.exe" /INCREMENTAL /NOLOGO kernel32.lib user32.lib gdi32.lib winspool.lib comdlg32.lib advapi32.lib shell32.lib ole32.lib oleaut32.lib uuid.lib odbc32.lib odbccp32.lib /MANIFEST /ManifestFile:"Debug\ppmlib.exe.intermediate.manifest" /MANIFESTUAC:"level='asInvoker' uiAccess='false'" /DEBUG /PDB:"I:\School\Introduction to C\Project 1\ppmlib\Debug\ppmlib.pdb" /SUBSYSTEM:CONSOLE /TLBID:1 /DYNAMICBASE /NXCOMPAT /IMPLIB:"I:\School\Introduction to C\Project 1\ppmlib\Debug\ppmlib.lib" /MACHINE:X86 Debug\ppmlib.exe.embed.manifest.res
         Debug\cardmaker.obj
         Debug\ppmlib.obj
       Manifest:
         C:\Program Files (x86)\Microsoft SDKs\Windows\v7.0A\bin\mt.exe /nologo /verbose /out:"Debug\ppmlib.exe.embed.manifest" /manifest Debug\ppmlib.exe.intermediate.manifest
       LinkEmbedManifest:
         ppmlib.vcxproj -> I:\School\Introduction to C\Project 1\ppmlib\Debug\ppmlib.exe
     1>Done Building Project "I:\School\Introduction to C\Project 1\ppmlib\ppmlib\ppmlib.vcxproj" (Build target(s)).

Build succeeded.

Time Elapsed 00:00:01.34
