D:\USERS\PHIL\DOCUMENTS\COURSES\201308\COP1220\PPMLIB\DEBUG\PPMLIB.EXE
D:\USERS\PHIL\DOCUMENTS\COURSES\201308\COP1220\PPMLIB\DEBUG\PPMLIB.ILK
D:\USERS\PHIL\DOCUMENTS\COURSES\201308\COP1220\PPMLIB\DEBUG\PPMLIB.PDB
D:\USERS\PHIL\DOCUMENTS\COURSES\201308\COP1220\PPMLIB\PPMLIB\DEBUG\CARDMAKER.OBJ
D:\Users\Phil\Documents\Courses\201308\COP1220\ppmlib\ppmlib\Debug\cl.command.1.tlog
D:\Users\Phil\Documents\Courses\201308\COP1220\ppmlib\ppmlib\Debug\CL.read.1.tlog
D:\Users\Phil\Documents\Courses\201308\COP1220\ppmlib\ppmlib\Debug\CL.write.1.tlog
D:\Users\Phil\Documents\Courses\201308\COP1220\ppmlib\ppmlib\Debug\link.4844.read.1.tlog
D:\Users\Phil\Documents\Courses\201308\COP1220\ppmlib\ppmlib\Debug\link.4844.write.1.tlog
D:\Users\Phil\Documents\Courses\201308\COP1220\ppmlib\ppmlib\Debug\link.4844-cvtres.read.1.tlog
D:\Users\Phil\Documents\Courses\201308\COP1220\ppmlib\ppmlib\Debug\link.4844-cvtres.write.1.tlog
D:\Users\Phil\Documents\Courses\201308\COP1220\ppmlib\ppmlib\Debug\link.command.1.tlog
D:\Users\Phil\Documents\Courses\201308\COP1220\ppmlib\ppmlib\Debug\link.read.1.tlog
D:\Users\Phil\Documents\Courses\201308\COP1220\ppmlib\ppmlib\Debug\link.write.1.tlog
D:\Users\Phil\Documents\Courses\201308\COP1220\ppmlib\ppmlib\Debug\link-cvtres.read.1.tlog
D:\Users\Phil\Documents\Courses\201308\COP1220\ppmlib\ppmlib\Debug\link-cvtres.write.1.tlog
D:\Users\Phil\Documents\Courses\201308\COP1220\ppmlib\ppmlib\Debug\mt.command.1.tlog
D:\Users\Phil\Documents\Courses\201308\COP1220\ppmlib\ppmlib\Debug\mt.read.1.tlog
D:\Users\Phil\Documents\Courses\201308\COP1220\ppmlib\ppmlib\Debug\mt.write.1.tlog
D:\USERS\PHIL\DOCUMENTS\COURSES\201308\COP1220\PPMLIB\PPMLIB\DEBUG\PPMLIB.EXE.EMBED.MANIFEST
D:\USERS\PHIL\DOCUMENTS\COURSES\201308\COP1220\PPMLIB\PPMLIB\DEBUG\PPMLIB.EXE.EMBED.MANIFEST.RES
D:\USERS\PHIL\DOCUMENTS\COURSES\201308\COP1220\PPMLIB\PPMLIB\DEBUG\PPMLIB.EXE.INTERMEDIATE.MANIFEST
D:\USERS\PHIL\DOCUMENTS\COURSES\201308\COP1220\PPMLIB\PPMLIB\DEBUG\PPMLIB.OBJ
D:\Users\Phil\Documents\Courses\201308\COP1220\ppmlib\ppmlib\Debug\ppmlib_manifest.rc
D:\Users\Phil\Documents\Courses\201308\COP1220\ppmlib\ppmlib\Debug\rc.command.1.tlog
D:\Users\Phil\Documents\Courses\201308\COP1220\ppmlib\ppmlib\Debug\rc.read.1.tlog
D:\Users\Phil\Documents\Courses\201308\COP1220\ppmlib\ppmlib\Debug\rc.write.1.tlog
D:\Users\Phil\Documents\Courses\201308\COP1220\ppmlib\ppmlib\Debug\vc100.idb
D:\USERS\PHIL\DOCUMENTS\COURSES\201308\COP1220\PPMLIB\PPMLIB\DEBUG\VC100.PDB
